<?xml version="1.0" encoding="UTF-8"?>
<!-- Generated by org.testng.reporters.JUnitReportReporter -->
<testsuite hostname="f7bf11bf12b0" failures="0" tests="15" name="com.docker.tests.flightreservation.FlightReservationTest" time="205.026" errors="0" timestamp="2026-02-10T13:38:35 GMT" skipped="0">
  <testcase classname="com.docker.tests.flightreservation.FlightReservationTest" name="FlightConfirmationTest" time="19.949"/>
  <testcase classname="com.docker.tests.flightreservation.FlightReservationTest" name="registrationConfirmationPage" time="8.047"/>
  <testcase classname="com.docker.tests.flightreservation.FlightReservationTest" name="registrationConfirmationPage" time="4.454"/>
  <testcase classname="com.docker.tests.flightreservation.FlightReservationTest" name="userRegistrationTest" time="25.850"/>
  <testcase classname="com.docker.tests.flightreservation.FlightReservationTest" name="flightSelectionTest" time="8.300"/>
  <testcase classname="com.docker.tests.flightreservation.FlightReservationTest" name="FlightConfirmationTest" time="20.968"/>
  <testcase classname="com.docker.tests.flightreservation.FlightReservationTest" name="flightSearchTest" time="8.049"/>
  <testcase classname="com.docker.tests.flightreservation.FlightReservationTest" name="registrationConfirmationPage" time="3.029"/>
  <testcase classname="com.docker.tests.flightreservation.FlightReservationTest" name="userRegistrationTest" time="26.054"/>
  <testcase classname="com.docker.tests.flightreservation.FlightReservationTest" name="userRegistrationTest" time="26.019"/>
  <testcase classname="com.docker.tests.flightreservation.FlightReservationTest" name="flightSelectionTest" time="7.587"/>
  <testcase classname="com.docker.tests.flightreservation.FlightReservationTest" name="flightSearchTest" time="4.367"/>
  <testcase classname="com.docker.tests.flightreservation.FlightReservationTest" name="FlightConfirmationTest" time="25.193"/>
  <testcase classname="com.docker.tests.flightreservation.FlightReservationTest" name="flightSelectionTest" time="9.008"/>
  <testcase classname="com.docker.tests.flightreservation.FlightReservationTest" name="flightSearchTest" time="8.152"/>
</testsuite> <!-- com.docker.tests.flightreservation.FlightReservationTest -->
