<?xml version="1.0" encoding="UTF-8"?>
<testng-results ignored="0" total="15" passed="15" failed="0" skipped="0">
  <reporter-output>
  </reporter-output>
  <suite started-at="2026-02-10T13:36:44 GMT" name="All Test Suite" finished-at="2026-02-10T13:38:28 GMT" duration-ms="103752">
    <groups>
    </groups>
    <test started-at="2026-02-10T13:36:44 GMT" name="passenger-count-1" finished-at="2026-02-10T13:38:25 GMT" duration-ms="100209">
      <class name="com.docker.tests.flightreservation.FlightReservationTest">
        <test-method is-config="true" signature="setDriver(org.testng.ITestContext)[pri:0, instance:com.docker.tests.flightreservation.FlightReservationTest@1bd39d3c]" started-at="2026-02-10T13:36:44 GMT" name="setDriver" finished-at="2026-02-10T13:37:12 GMT" duration-ms="27237" status="PASS">
          <params>
            <param index="0">
              <value>
                <![CDATA[org.testng.TestRunner@177bea38]]>
              </value>
            </param>
          </params>
          <reporter-output>
          </reporter-output>
        </test-method> <!-- setDriver -->
        <test-method is-config="true" signature="setParameters(java.lang.String)[pri:0, instance:com.docker.tests.flightreservation.FlightReservationTest@1bd39d3c]" started-at="2026-02-10T13:37:12 GMT" name="setParameters" finished-at="2026-02-10T13:37:15 GMT" depends-on-methods="com.docker.tests.BaseTest.setDriver" duration-ms="3123" status="PASS">
          <params>
            <param index="0">
              <value>
                <![CDATA[test-data/flightPassengers/passenger-1.json]]>
              </value>
            </param>
          </params>
          <reporter-output>
          </reporter-output>
        </test-method> <!-- setParameters -->
        <test-method signature="userRegistrationTest()[pri:0, instance:com.docker.tests.flightreservation.FlightReservationTest@1bd39d3c]" started-at="2026-02-10T13:37:15 GMT" name="userRegistrationTest" finished-at="2026-02-10T13:37:41 GMT" duration-ms="26019" status="PASS">
          <reporter-output>
          </reporter-output>
        </test-method> <!-- userRegistrationTest -->
        <test-method signature="registrationConfirmationPage()[pri:0, instance:com.docker.tests.flightreservation.FlightReservationTest@1bd39d3c]" started-at="2026-02-10T13:37:41 GMT" name="registrationConfirmationPage" finished-at="2026-02-10T13:37:44 GMT" depends-on-methods="com.docker.tests.flightreservation.FlightReservationTest.userRegistrationTest" duration-ms="3029" status="PASS">
          <reporter-output>
          </reporter-output>
        </test-method> <!-- registrationConfirmationPage -->
        <test-method signature="flightSearchTest()[pri:0, instance:com.docker.tests.flightreservation.FlightReservationTest@1bd39d3c]" started-at="2026-02-10T13:37:44 GMT" name="flightSearchTest" finished-at="2026-02-10T13:37:52 GMT" depends-on-methods="com.docker.tests.flightreservation.FlightReservationTest.registrationConfirmationPage" duration-ms="8152" status="PASS">
          <reporter-output>
          </reporter-output>
        </test-method> <!-- flightSearchTest -->
        <test-method signature="flightSelectionTest()[pri:0, instance:com.docker.tests.flightreservation.FlightReservationTest@1bd39d3c]" started-at="2026-02-10T13:37:52 GMT" name="flightSelectionTest" finished-at="2026-02-10T13:38:01 GMT" depends-on-methods="com.docker.tests.flightreservation.FlightReservationTest.flightSearchTest" duration-ms="9008" status="PASS">
          <reporter-output>
          </reporter-output>
        </test-method> <!-- flightSelectionTest -->
        <test-method signature="FlightConfirmationTest()[pri:0, instance:com.docker.tests.flightreservation.FlightReservationTest@1bd39d3c]" started-at="2026-02-10T13:38:01 GMT" name="FlightConfirmationTest" finished-at="2026-02-10T13:38:21 GMT" depends-on-methods="com.docker.tests.flightreservation.FlightReservationTest.flightSelectionTest" duration-ms="19949" status="PASS">
          <reporter-output>
          </reporter-output>
        </test-method> <!-- FlightConfirmationTest -->
        <test-method is-config="true" signature="closeDriver()[pri:0, instance:com.docker.tests.flightreservation.FlightReservationTest@1bd39d3c]" started-at="2026-02-10T13:38:21 GMT" name="closeDriver" finished-at="2026-02-10T13:38:25 GMT" duration-ms="3351" status="PASS">
          <reporter-output>
          </reporter-output>
        </test-method> <!-- closeDriver -->
      </class> <!-- com.docker.tests.flightreservation.FlightReservationTest -->
    </test> <!-- passenger-count-1 -->
    <test started-at="2026-02-10T13:36:44 GMT" name="passenger-count-3" finished-at="2026-02-10T13:38:26 GMT" duration-ms="102050">
      <class name="com.docker.tests.flightreservation.FlightReservationTest">
        <test-method is-config="true" signature="setConfig()[pri:0, instance:com.docker.tests.flightreservation.FlightReservationTest@3bd323e9]" started-at="2026-02-10T13:36:44 GMT" name="setConfig" finished-at="2026-02-10T13:36:44 GMT" duration-ms="92" status="PASS">
          <reporter-output>
          </reporter-output>
        </test-method> <!-- setConfig -->
        <test-method is-config="true" signature="setDriver(org.testng.ITestContext)[pri:0, instance:com.docker.tests.flightreservation.FlightReservationTest@3bd323e9]" started-at="2026-02-10T13:36:44 GMT" name="setDriver" finished-at="2026-02-10T13:37:12 GMT" duration-ms="27230" status="PASS">
          <params>
            <param index="0">
              <value>
                <![CDATA[org.testng.TestRunner@7f132176]]>
              </value>
            </param>
          </params>
          <reporter-output>
          </reporter-output>
        </test-method> <!-- setDriver -->
        <test-method is-config="true" signature="setParameters(java.lang.String)[pri:0, instance:com.docker.tests.flightreservation.FlightReservationTest@3bd323e9]" started-at="2026-02-10T13:37:12 GMT" name="setParameters" finished-at="2026-02-10T13:37:15 GMT" depends-on-methods="com.docker.tests.BaseTest.setDriver" duration-ms="3214" status="PASS">
          <params>
            <param index="0">
              <value>
                <![CDATA[test-data/flightPassengers/passenger-3.json]]>
              </value>
            </param>
          </params>
          <reporter-output>
          </reporter-output>
        </test-method> <!-- setParameters -->
        <test-method signature="userRegistrationTest()[pri:0, instance:com.docker.tests.flightreservation.FlightReservationTest@3bd323e9]" started-at="2026-02-10T13:37:15 GMT" name="userRegistrationTest" finished-at="2026-02-10T13:37:41 GMT" duration-ms="26054" status="PASS">
          <reporter-output>
          </reporter-output>
        </test-method> <!-- userRegistrationTest -->
        <test-method signature="registrationConfirmationPage()[pri:0, instance:com.docker.tests.flightreservation.FlightReservationTest@3bd323e9]" started-at="2026-02-10T13:37:41 GMT" name="registrationConfirmationPage" finished-at="2026-02-10T13:37:49 GMT" depends-on-methods="com.docker.tests.flightreservation.FlightReservationTest.userRegistrationTest" duration-ms="8047" status="PASS">
          <reporter-output>
          </reporter-output>
        </test-method> <!-- registrationConfirmationPage -->
        <test-method signature="flightSearchTest()[pri:0, instance:com.docker.tests.flightreservation.FlightReservationTest@3bd323e9]" started-at="2026-02-10T13:37:49 GMT" name="flightSearchTest" finished-at="2026-02-10T13:37:53 GMT" depends-on-methods="com.docker.tests.flightreservation.FlightReservationTest.registrationConfirmationPage" duration-ms="4367" status="PASS">
          <reporter-output>
          </reporter-output>
        </test-method> <!-- flightSearchTest -->
        <test-method signature="flightSelectionTest()[pri:0, instance:com.docker.tests.flightreservation.FlightReservationTest@3bd323e9]" started-at="2026-02-10T13:37:53 GMT" name="flightSelectionTest" finished-at="2026-02-10T13:38:02 GMT" depends-on-methods="com.docker.tests.flightreservation.FlightReservationTest.flightSearchTest" duration-ms="8300" status="PASS">
          <reporter-output>
          </reporter-output>
        </test-method> <!-- flightSelectionTest -->
        <test-method signature="FlightConfirmationTest()[pri:0, instance:com.docker.tests.flightreservation.FlightReservationTest@3bd323e9]" started-at="2026-02-10T13:38:02 GMT" name="FlightConfirmationTest" finished-at="2026-02-10T13:38:23 GMT" depends-on-methods="com.docker.tests.flightreservation.FlightReservationTest.flightSelectionTest" duration-ms="20968" status="PASS">
          <reporter-output>
          </reporter-output>
        </test-method> <!-- FlightConfirmationTest -->
        <test-method is-config="true" signature="closeDriver()[pri:0, instance:com.docker.tests.flightreservation.FlightReservationTest@3bd323e9]" started-at="2026-02-10T13:38:23 GMT" name="closeDriver" finished-at="2026-02-10T13:38:26 GMT" duration-ms="3715" status="PASS">
          <reporter-output>
          </reporter-output>
        </test-method> <!-- closeDriver -->
      </class> <!-- com.docker.tests.flightreservation.FlightReservationTest -->
    </test> <!-- passenger-count-3 -->
    <test started-at="2026-02-10T13:36:44 GMT" name="passenger-count-2" finished-at="2026-02-10T13:38:28 GMT" duration-ms="103750">
      <class name="com.docker.tests.flightreservation.FlightReservationTest">
        <test-method is-config="true" signature="setDriver(org.testng.ITestContext)[pri:0, instance:com.docker.tests.flightreservation.FlightReservationTest@1b75c2e3]" started-at="2026-02-10T13:36:44 GMT" name="setDriver" finished-at="2026-02-10T13:37:12 GMT" duration-ms="27209" status="PASS">
          <params>
            <param index="0">
              <value>
                <![CDATA[org.testng.TestRunner@ee86bcb]]>
              </value>
            </param>
          </params>
          <reporter-output>
          </reporter-output>
        </test-method> <!-- setDriver -->
        <test-method is-config="true" signature="setParameters(java.lang.String)[pri:0, instance:com.docker.tests.flightreservation.FlightReservationTest@1b75c2e3]" started-at="2026-02-10T13:37:12 GMT" name="setParameters" finished-at="2026-02-10T13:37:15 GMT" depends-on-methods="com.docker.tests.BaseTest.setDriver" duration-ms="3244" status="PASS">
          <params>
            <param index="0">
              <value>
                <![CDATA[test-data/flightPassengers/passenger-2.json]]>
              </value>
            </param>
          </params>
          <reporter-output>
          </reporter-output>
        </test-method> <!-- setParameters -->
        <test-method signature="userRegistrationTest()[pri:0, instance:com.docker.tests.flightreservation.FlightReservationTest@1b75c2e3]" started-at="2026-02-10T13:37:15 GMT" name="userRegistrationTest" finished-at="2026-02-10T13:37:41 GMT" duration-ms="25850" status="PASS">
          <reporter-output>
          </reporter-output>
        </test-method> <!-- userRegistrationTest -->
        <test-method signature="registrationConfirmationPage()[pri:0, instance:com.docker.tests.flightreservation.FlightReservationTest@1b75c2e3]" started-at="2026-02-10T13:37:41 GMT" name="registrationConfirmationPage" finished-at="2026-02-10T13:37:45 GMT" depends-on-methods="com.docker.tests.flightreservation.FlightReservationTest.userRegistrationTest" duration-ms="4454" status="PASS">
          <reporter-output>
          </reporter-output>
        </test-method> <!-- registrationConfirmationPage -->
        <test-method signature="flightSearchTest()[pri:0, instance:com.docker.tests.flightreservation.FlightReservationTest@1b75c2e3]" started-at="2026-02-10T13:37:45 GMT" name="flightSearchTest" finished-at="2026-02-10T13:37:53 GMT" depends-on-methods="com.docker.tests.flightreservation.FlightReservationTest.registrationConfirmationPage" duration-ms="8049" status="PASS">
          <reporter-output>
          </reporter-output>
        </test-method> <!-- flightSearchTest -->
        <test-method signature="flightSelectionTest()[pri:0, instance:com.docker.tests.flightreservation.FlightReservationTest@1b75c2e3]" started-at="2026-02-10T13:37:53 GMT" name="flightSelectionTest" finished-at="2026-02-10T13:38:01 GMT" depends-on-methods="com.docker.tests.flightreservation.FlightReservationTest.flightSearchTest" duration-ms="7587" status="PASS">
          <reporter-output>
          </reporter-output>
        </test-method> <!-- flightSelectionTest -->
        <test-method signature="FlightConfirmationTest()[pri:0, instance:com.docker.tests.flightreservation.FlightReservationTest@1b75c2e3]" started-at="2026-02-10T13:38:01 GMT" name="FlightConfirmationTest" finished-at="2026-02-10T13:38:26 GMT" depends-on-methods="com.docker.tests.flightreservation.FlightReservationTest.flightSelectionTest" duration-ms="25193" status="PASS">
          <reporter-output>
          </reporter-output>
        </test-method> <!-- FlightConfirmationTest -->
        <test-method is-config="true" signature="closeDriver()[pri:0, instance:com.docker.tests.flightreservation.FlightReservationTest@1b75c2e3]" started-at="2026-02-10T13:38:26 GMT" name="closeDriver" finished-at="2026-02-10T13:38:28 GMT" duration-ms="1987" status="PASS">
          <reporter-output>
          </reporter-output>
        </test-method> <!-- closeDriver -->
      </class> <!-- com.docker.tests.flightreservation.FlightReservationTest -->
    </test> <!-- passenger-count-2 -->
  </suite> <!-- All Test Suite -->
</testng-results>
